  复制了 1 个文件
  复制了 2 个文件
  复制了 4 个文件
  复制了 2 个文件
  复制了 2 个文件
  复制了 3 个文件
  复制了 1 个文件
  复制了 1 个文件
  复制了 2 个文件
  复制了 2 个文件
  复制了 2 个文件
  复制了 2 个文件
  复制了 2 个文件
  复制了 6 个文件
  复制了 2 个文件
  复制了 2 个文件
libbullet.lib(btAlignedAllocator.obj) : warning LNK4075: 忽略“/EDITANDCONTINUE”(由于“/OPT:LBR”规范)
  libchipmunk-2015.lib(chipmunk.obj) : 找到 MSIL .netmodule 或使用 /GL 编译的模块；正在使用 /LTCG 重新启动链接；将 /LTCG 添加到链接命令行以改进链接器性能
libbullet.lib(btAlignedAllocator.obj) : warning LNK4075: 忽略“/EDITANDCONTINUE”(由于“/OPT:LBR”规范)
    正在创建库 H:\rover\rover-self-work\cocos2d-x-projects\helloworld01\MyCppGame\01\proj.win32\Debug.win32\libcocos2d.lib 和对象 H:\rover\rover-self-work\cocos2d-x-projects\helloworld01\MyCppGame\01\proj.win32\Debug.win32\libcocos2d.exp
LINK : warning LNK4098: 默认库“MSVCRT”与其他库的使用冲突；请使用 /NODEFAULTLIB:library
LINK : warning LNK4098: 默认库“LIBCMT”与其他库的使用冲突；请使用 /NODEFAULTLIB:library
  正在生成代码
  已完成代码的生成
websockets.lib(libwebsockets.obj) : warning LNK4049: 已导入本地定义的符号 ___iob_func
libchipmunk-2015.lib(chipmunk.obj) : warning LNK4099: 未找到 PDB“chipmunk.pdb”(使用“libchipmunk-2015.lib(chipmunk.obj)”或在“H:\rover\rover-self-work\cocos2d-x-projects\helloworld01\MyCppGame\01\proj.win32\Debug.win32\chipmunk.pdb”中寻找)；正在链接对象，如同没有调试信息一样
libchipmunk-2015.lib(cpBody.obj) : warning LNK4099: 未找到 PDB“chipmunk.pdb”(使用“libchipmunk-2015.lib(cpBody.obj)”或在“H:\rover\rover-self-work\cocos2d-x-projects\helloworld01\MyCppGame\01\proj.win32\Debug.win32\chipmunk.pdb”中寻找)；正在链接对象，如同没有调试信息一样
libchipmunk-2015.lib(cpShape.obj) : warning LNK4099: 未找到 PDB“chipmunk.pdb”(使用“libchipmunk-2015.lib(cpShape.obj)”或在“H:\rover\rover-self-work\cocos2d-x-projects\helloworld01\MyCppGame\01\proj.win32\Debug.win32\chipmunk.pdb”中寻找)；正在链接对象，如同没有调试信息一样
libchipmunk-2015.lib(cpConstraint.obj) : warning LNK4099: 未找到 PDB“chipmunk.pdb”(使用“libchipmunk-2015.lib(cpConstraint.obj)”或在“H:\rover\rover-self-work\cocos2d-x-projects\helloworld01\MyCppGame\01\proj.win32\Debug.win32\chipmunk.pdb”中寻找)；正在链接对象，如同没有调试信息一样
libchipmunk-2015.lib(cpPinJoint.obj) : warning LNK4099: 未找到 PDB“chipmunk.pdb”(使用“libchipmunk-2015.lib(cpPinJoint.obj)”或在“H:\rover\rover-self-work\cocos2d-x-projects\helloworld01\MyCppGame\01\proj.win32\Debug.win32\chipmunk.pdb”中寻找)；正在链接对象，如同没有调试信息一样
libchipmunk-2015.lib(cpSlideJoint.obj) : warning LNK4099: 未找到 PDB“chipmunk.pdb”(使用“libchipmunk-2015.lib(cpSlideJoint.obj)”或在“H:\rover\rover-self-work\cocos2d-x-projects\helloworld01\MyCppGame\01\proj.win32\Debug.win32\chipmunk.pdb”中寻找)；正在链接对象，如同没有调试信息一样
libchipmunk-2015.lib(cpPivotJoint.obj) : warning LNK4099: 未找到 PDB“chipmunk.pdb”(使用“libchipmunk-2015.lib(cpPivotJoint.obj)”或在“H:\rover\rover-self-work\cocos2d-x-projects\helloworld01\MyCppGame\01\proj.win32\Debug.win32\chipmunk.pdb”中寻找)；正在链接对象，如同没有调试信息一样
libchipmunk-2015.lib(cpGrooveJoint.obj) : warning LNK4099: 未找到 PDB“chipmunk.pdb”(使用“libchipmunk-2015.lib(cpGrooveJoint.obj)”或在“H:\rover\rover-self-work\cocos2d-x-projects\helloworld01\MyCppGame\01\proj.win32\Debug.win32\chipmunk.pdb”中寻找)；正在链接对象，如同没有调试信息一样
libchipmunk-2015.lib(cpDampedSpring.obj) : warning LNK4099: 未找到 PDB“chipmunk.pdb”(使用“libchipmunk-2015.lib(cpDampedSpring.obj)”或在“H:\rover\rover-self-work\cocos2d-x-projects\helloworld01\MyCppGame\01\proj.win32\Debug.win32\chipmunk.pdb”中寻找)；正在链接对象，如同没有调试信息一样
libchipmunk-2015.lib(cpSpace.obj) : warning LNK4099: 未找到 PDB“chipmunk.pdb”(使用“libchipmunk-2015.lib(cpSpace.obj)”或在“H:\rover\rover-self-work\cocos2d-x-projects\helloworld01\MyCppGame\01\proj.win32\Debug.win32\chipmunk.pdb”中寻找)；正在链接对象，如同没有调试信息一样
libchipmunk-2015.lib(cpSpaceComponent.obj) : warning LNK4099: 未找到 PDB“chipmunk.pdb”(使用“libchipmunk-2015.lib(cpSpaceComponent.obj)”或在“H:\rover\rover-self-work\cocos2d-x-projects\helloworld01\MyCppGame\01\proj.win32\Debug.win32\chipmunk.pdb”中寻找)；正在链接对象，如同没有调试信息一样
libchipmunk-2015.lib(cpArbiter.obj) : warning LNK4099: 未找到 PDB“chipmunk.pdb”(使用“libchipmunk-2015.lib(cpArbiter.obj)”或在“H:\rover\rover-self-work\cocos2d-x-projects\helloworld01\MyCppGame\01\proj.win32\Debug.win32\chipmunk.pdb”中寻找)；正在链接对象，如同没有调试信息一样
libchipmunk-2015.lib(cpDampedRotarySpring.obj) : warning LNK4099: 未找到 PDB“chipmunk.pdb”(使用“libchipmunk-2015.lib(cpDampedRotarySpring.obj)”或在“H:\rover\rover-self-work\cocos2d-x-projects\helloworld01\MyCppGame\01\proj.win32\Debug.win32\chipmunk.pdb”中寻找)；正在链接对象，如同没有调试信息一样
libchipmunk-2015.lib(cpRotaryLimitJoint.obj) : warning LNK4099: 未找到 PDB“chipmunk.pdb”(使用“libchipmunk-2015.lib(cpRotaryLimitJoint.obj)”或在“H:\rover\rover-self-work\cocos2d-x-projects\helloworld01\MyCppGame\01\proj.win32\Debug.win32\chipmunk.pdb”中寻找)；正在链接对象，如同没有调试信息一样
libchipmunk-2015.lib(cpRatchetJoint.obj) : warning LNK4099: 未找到 PDB“chipmunk.pdb”(使用“libchipmunk-2015.lib(cpRatchetJoint.obj)”或在“H:\rover\rover-self-work\cocos2d-x-projects\helloworld01\MyCppGame\01\proj.win32\Debug.win32\chipmunk.pdb”中寻找)；正在链接对象，如同没有调试信息一样
libchipmunk-2015.lib(cpGearJoint.obj) : warning LNK4099: 未找到 PDB“chipmunk.pdb”(使用“libchipmunk-2015.lib(cpGearJoint.obj)”或在“H:\rover\rover-self-work\cocos2d-x-projects\helloworld01\MyCppGame\01\proj.win32\Debug.win32\chipmunk.pdb”中寻找)；正在链接对象，如同没有调试信息一样
libchipmunk-2015.lib(cpSimpleMotor.obj) : warning LNK4099: 未找到 PDB“chipmunk.pdb”(使用“libchipmunk-2015.lib(cpSimpleMotor.obj)”或在“H:\rover\rover-self-work\cocos2d-x-projects\helloworld01\MyCppGame\01\proj.win32\Debug.win32\chipmunk.pdb”中寻找)；正在链接对象，如同没有调试信息一样
libchipmunk-2015.lib(cpPolyShape.obj) : warning LNK4099: 未找到 PDB“chipmunk.pdb”(使用“libchipmunk-2015.lib(cpPolyShape.obj)”或在“H:\rover\rover-self-work\cocos2d-x-projects\helloworld01\MyCppGame\01\proj.win32\Debug.win32\chipmunk.pdb”中寻找)；正在链接对象，如同没有调试信息一样
libchipmunk-2015.lib(cpSpaceQuery.obj) : warning LNK4099: 未找到 PDB“chipmunk.pdb”(使用“libchipmunk-2015.lib(cpSpaceQuery.obj)”或在“H:\rover\rover-self-work\cocos2d-x-projects\helloworld01\MyCppGame\01\proj.win32\Debug.win32\chipmunk.pdb”中寻找)；正在链接对象，如同没有调试信息一样
libchipmunk-2015.lib(cpSpaceStep.obj) : warning LNK4099: 未找到 PDB“chipmunk.pdb”(使用“libchipmunk-2015.lib(cpSpaceStep.obj)”或在“H:\rover\rover-self-work\cocos2d-x-projects\helloworld01\MyCppGame\01\proj.win32\Debug.win32\chipmunk.pdb”中寻找)；正在链接对象，如同没有调试信息一样
libchipmunk-2015.lib(cpSpaceDebug.obj) : warning LNK4099: 未找到 PDB“chipmunk.pdb”(使用“libchipmunk-2015.lib(cpSpaceDebug.obj)”或在“H:\rover\rover-self-work\cocos2d-x-projects\helloworld01\MyCppGame\01\proj.win32\Debug.win32\chipmunk.pdb”中寻找)；正在链接对象，如同没有调试信息一样
libchipmunk-2015.lib(cpArray.obj) : warning LNK4099: 未找到 PDB“chipmunk.pdb”(使用“libchipmunk-2015.lib(cpArray.obj)”或在“H:\rover\rover-self-work\cocos2d-x-projects\helloworld01\MyCppGame\01\proj.win32\Debug.win32\chipmunk.pdb”中寻找)；正在链接对象，如同没有调试信息一样
libchipmunk-2015.lib(cpCollision.obj) : warning LNK4099: 未找到 PDB“chipmunk.pdb”(使用“libchipmunk-2015.lib(cpCollision.obj)”或在“H:\rover\rover-self-work\cocos2d-x-projects\helloworld01\MyCppGame\01\proj.win32\Debug.win32\chipmunk.pdb”中寻找)；正在链接对象，如同没有调试信息一样
libchipmunk-2015.lib(cpHashSet.obj) : warning LNK4099: 未找到 PDB“chipmunk.pdb”(使用“libchipmunk-2015.lib(cpHashSet.obj)”或在“H:\rover\rover-self-work\cocos2d-x-projects\helloworld01\MyCppGame\01\proj.win32\Debug.win32\chipmunk.pdb”中寻找)；正在链接对象，如同没有调试信息一样
libchipmunk-2015.lib(cpBBTree.obj) : warning LNK4099: 未找到 PDB“chipmunk.pdb”(使用“libchipmunk-2015.lib(cpBBTree.obj)”或在“H:\rover\rover-self-work\cocos2d-x-projects\helloworld01\MyCppGame\01\proj.win32\Debug.win32\chipmunk.pdb”中寻找)；正在链接对象，如同没有调试信息一样
libchipmunk-2015.lib(cpSpaceHash.obj) : warning LNK4099: 未找到 PDB“chipmunk.pdb”(使用“libchipmunk-2015.lib(cpSpaceHash.obj)”或在“H:\rover\rover-self-work\cocos2d-x-projects\helloworld01\MyCppGame\01\proj.win32\Debug.win32\chipmunk.pdb”中寻找)；正在链接对象，如同没有调试信息一样
libchipmunk-2015.lib(cpSpatialIndex.obj) : warning LNK4099: 未找到 PDB“chipmunk.pdb”(使用“libchipmunk-2015.lib(cpSpatialIndex.obj)”或在“H:\rover\rover-self-work\cocos2d-x-projects\helloworld01\MyCppGame\01\proj.win32\Debug.win32\chipmunk.pdb”中寻找)；正在链接对象，如同没有调试信息一样
libchipmunk-2015.lib(cpRobust.obj) : warning LNK4099: 未找到 PDB“chipmunk.pdb”(使用“libchipmunk-2015.lib(cpRobust.obj)”或在“H:\rover\rover-self-work\cocos2d-x-projects\helloworld01\MyCppGame\01\proj.win32\Debug.win32\chipmunk.pdb”中寻找)；正在链接对象，如同没有调试信息一样
libtiff-2015.lib(tif_aux.obj) : warning LNK4204: “H:\rover\rover-self-work\cocos2d-x-projects\helloworld01\MyCppGame\01\proj.win32\Debug.win32\vc140.pdb”缺少引用模块的调试信息；正在链接对象，如同没有调试信息一样
libtiff-2015.lib(tif_close.obj) : warning LNK4204: “H:\rover\rover-self-work\cocos2d-x-projects\helloworld01\MyCppGame\01\proj.win32\Debug.win32\vc140.pdb”缺少引用模块的调试信息；正在链接对象，如同没有调试信息一样
libtiff-2015.lib(tif_codec.obj) : warning LNK4204: “H:\rover\rover-self-work\cocos2d-x-projects\helloworld01\MyCppGame\01\proj.win32\Debug.win32\vc140.pdb”缺少引用模块的调试信息；正在链接对象，如同没有调试信息一样
libtiff-2015.lib(tif_color.obj) : warning LNK4204: “H:\rover\rover-self-work\cocos2d-x-projects\helloworld01\MyCppGame\01\proj.win32\Debug.win32\vc140.pdb”缺少引用模块的调试信息；正在链接对象，如同没有调试信息一样
libtiff-2015.lib(tif_compress.obj) : warning LNK4204: “H:\rover\rover-self-work\cocos2d-x-projects\helloworld01\MyCppGame\01\proj.win32\Debug.win32\vc140.pdb”缺少引用模块的调试信息；正在链接对象，如同没有调试信息一样
libtiff-2015.lib(tif_dir.obj) : warning LNK4204: “H:\rover\rover-self-work\cocos2d-x-projects\helloworld01\MyCppGame\01\proj.win32\Debug.win32\vc140.pdb”缺少引用模块的调试信息；正在链接对象，如同没有调试信息一样
libtiff-2015.lib(tif_dirinfo.obj) : warning LNK4204: “H:\rover\rover-self-work\cocos2d-x-projects\helloworld01\MyCppGame\01\proj.win32\Debug.win32\vc140.pdb”缺少引用模块的调试信息；正在链接对象，如同没有调试信息一样
libtiff-2015.lib(tif_dirread.obj) : warning LNK4204: “H:\rover\rover-self-work\cocos2d-x-projects\helloworld01\MyCppGame\01\proj.win32\Debug.win32\vc140.pdb”缺少引用模块的调试信息；正在链接对象，如同没有调试信息一样
libtiff-2015.lib(tif_dirwrite.obj) : warning LNK4204: “H:\rover\rover-self-work\cocos2d-x-projects\helloworld01\MyCppGame\01\proj.win32\Debug.win32\vc140.pdb”缺少引用模块的调试信息；正在链接对象，如同没有调试信息一样
libtiff-2015.lib(tif_dumpmode.obj) : warning LNK4204: “H:\rover\rover-self-work\cocos2d-x-projects\helloworld01\MyCppGame\01\proj.win32\Debug.win32\vc140.pdb”缺少引用模块的调试信息；正在链接对象，如同没有调试信息一样
libtiff-2015.lib(tif_error.obj) : warning LNK4204: “H:\rover\rover-self-work\cocos2d-x-projects\helloworld01\MyCppGame\01\proj.win32\Debug.win32\vc140.pdb”缺少引用模块的调试信息；正在链接对象，如同没有调试信息一样
libtiff-2015.lib(tif_fax3.obj) : warning LNK4204: “H:\rover\rover-self-work\cocos2d-x-projects\helloworld01\MyCppGame\01\proj.win32\Debug.win32\vc140.pdb”缺少引用模块的调试信息；正在链接对象，如同没有调试信息一样
libtiff-2015.lib(tif_fax3sm.obj) : warning LNK4204: “H:\rover\rover-self-work\cocos2d-x-projects\helloworld01\MyCppGame\01\proj.win32\Debug.win32\vc140.pdb”缺少引用模块的调试信息；正在链接对象，如同没有调试信息一样
libtiff-2015.lib(tif_getimage.obj) : warning LNK4204: “H:\rover\rover-self-work\cocos2d-x-projects\helloworld01\MyCppGame\01\proj.win32\Debug.win32\vc140.pdb”缺少引用模块的调试信息；正在链接对象，如同没有调试信息一样
libtiff-2015.lib(tif_flush.obj) : warning LNK4204: “H:\rover\rover-self-work\cocos2d-x-projects\helloworld01\MyCppGame\01\proj.win32\Debug.win32\vc140.pdb”缺少引用模块的调试信息；正在链接对象，如同没有调试信息一样
libtiff-2015.lib(tif_luv.obj) : warning LNK4204: “H:\rover\rover-self-work\cocos2d-x-projects\helloworld01\MyCppGame\01\proj.win32\Debug.win32\vc140.pdb”缺少引用模块的调试信息；正在链接对象，如同没有调试信息一样
libtiff-2015.lib(tif_lzw.obj) : warning LNK4204: “H:\rover\rover-self-work\cocos2d-x-projects\helloworld01\MyCppGame\01\proj.win32\Debug.win32\vc140.pdb”缺少引用模块的调试信息；正在链接对象，如同没有调试信息一样
libtiff-2015.lib(tif_next.obj) : warning LNK4204: “H:\rover\rover-self-work\cocos2d-x-projects\helloworld01\MyCppGame\01\proj.win32\Debug.win32\vc140.pdb”缺少引用模块的调试信息；正在链接对象，如同没有调试信息一样
libtiff-2015.lib(tif_open.obj) : warning LNK4204: “H:\rover\rover-self-work\cocos2d-x-projects\helloworld01\MyCppGame\01\proj.win32\Debug.win32\vc140.pdb”缺少引用模块的调试信息；正在链接对象，如同没有调试信息一样
libtiff-2015.lib(tif_packbits.obj) : warning LNK4204: “H:\rover\rover-self-work\cocos2d-x-projects\helloworld01\MyCppGame\01\proj.win32\Debug.win32\vc140.pdb”缺少引用模块的调试信息；正在链接对象，如同没有调试信息一样
libtiff-2015.lib(tif_predict.obj) : warning LNK4204: “H:\rover\rover-self-work\cocos2d-x-projects\helloworld01\MyCppGame\01\proj.win32\Debug.win32\vc140.pdb”缺少引用模块的调试信息；正在链接对象，如同没有调试信息一样
libtiff-2015.lib(tif_read.obj) : warning LNK4204: “H:\rover\rover-self-work\cocos2d-x-projects\helloworld01\MyCppGame\01\proj.win32\Debug.win32\vc140.pdb”缺少引用模块的调试信息；正在链接对象，如同没有调试信息一样
libtiff-2015.lib(tif_swab.obj) : warning LNK4204: “H:\rover\rover-self-work\cocos2d-x-projects\helloworld01\MyCppGame\01\proj.win32\Debug.win32\vc140.pdb”缺少引用模块的调试信息；正在链接对象，如同没有调试信息一样
libtiff-2015.lib(tif_strip.obj) : warning LNK4204: “H:\rover\rover-self-work\cocos2d-x-projects\helloworld01\MyCppGame\01\proj.win32\Debug.win32\vc140.pdb”缺少引用模块的调试信息；正在链接对象，如同没有调试信息一样
libtiff-2015.lib(tif_thunder.obj) : warning LNK4204: “H:\rover\rover-self-work\cocos2d-x-projects\helloworld01\MyCppGame\01\proj.win32\Debug.win32\vc140.pdb”缺少引用模块的调试信息；正在链接对象，如同没有调试信息一样
libtiff-2015.lib(tif_tile.obj) : warning LNK4204: “H:\rover\rover-self-work\cocos2d-x-projects\helloworld01\MyCppGame\01\proj.win32\Debug.win32\vc140.pdb”缺少引用模块的调试信息；正在链接对象，如同没有调试信息一样
libtiff-2015.lib(tif_warning.obj) : warning LNK4204: “H:\rover\rover-self-work\cocos2d-x-projects\helloworld01\MyCppGame\01\proj.win32\Debug.win32\vc140.pdb”缺少引用模块的调试信息；正在链接对象，如同没有调试信息一样
libtiff-2015.lib(tif_write.obj) : warning LNK4204: “H:\rover\rover-self-work\cocos2d-x-projects\helloworld01\MyCppGame\01\proj.win32\Debug.win32\vc140.pdb”缺少引用模块的调试信息；正在链接对象，如同没有调试信息一样
libtiff-2015.lib(tif_win32.obj) : warning LNK4204: “H:\rover\rover-self-work\cocos2d-x-projects\helloworld01\MyCppGame\01\proj.win32\Debug.win32\vc140.pdb”缺少引用模块的调试信息；正在链接对象，如同没有调试信息一样
  libcocos2d.vcxproj -> H:\rover\rover-self-work\cocos2d-x-projects\helloworld01\MyCppGame\01\proj.win32\Debug.win32\libcocos2d.dll
